<testsuites id="" name="" tests="13" failures="9" skipped="0" errors="0" time="43.562878">
<testsuite name="auth.spec.ts" timestamp="2025-08-01T19:41:04.657Z" hostname="chromium" tests="13" failures="9" skipped="0" time="87.105" errors="0">
<testcase name="Authentication Tests › should display landing page with all role options" classname="auth.spec.ts" time="3.657">
</testcase>
<testcase name="Authentication Tests › should navigate to login page when clicking role cards" classname="auth.spec.ts" time="7.158">
</testcase>
<testcase name="Authentication Tests › should navigate to login page when clicking Super Admin crown" classname="auth.spec.ts" time="8.73">
<failure message="auth.spec.ts:32:7 should navigate to login page when clicking Super Admin crown" type="FAILURE">
<![CDATA[  [chromium] › auth.spec.ts:32:7 › Authentication Tests › should navigate to login page when clicking Super Admin crown 

    Error: Timed out 5000ms waiting for expect(page).toHaveURL(expected)

    Expected string: "http://localhost:9002/dashboard-select"
    Received string: "http://localhost:9002/login/"
    Call log:
      - Expect "toHaveURL" with timeout 5000ms
        5 × unexpected value "http://localhost:9002/"
        - unexpected value "http://localhost:9002/dashboard-select/"
        3 × unexpected value "http://localhost:9002/login/"


      35 |     
      36 |     // Should redirect to dashboard-select
    > 37 |     await expect(page).toHaveURL('/dashboard-select');
         |                        ^
      38 |   });
      39 |
      40 |   test('should pre-fill email based on role parameter', async ({ page }) => {
        at /Users/amirwihan/CascadeProjects/HeruCRM/tests/auth.spec.ts:37:24

    attachment #1: screenshot (image/png) ──────────────────────────────────────────────────────────
    ../test-results/auth-Authentication-Tests--10224--clicking-Super-Admin-crown-chromium/test-failed-1.png
    ────────────────────────────────────────────────────────────────────────────────────────────────

    attachment #2: video (video/webm) ──────────────────────────────────────────────────────────────
    ../test-results/auth-Authentication-Tests--10224--clicking-Super-Admin-crown-chromium/video.webm
    ────────────────────────────────────────────────────────────────────────────────────────────────

    Error Context: ../test-results/auth-Authentication-Tests--10224--clicking-Super-Admin-crown-chromium/error-context.md
]]>
</failure>
<system-out>
<![CDATA[
[[ATTACHMENT|auth-Authentication-Tests--10224--clicking-Super-Admin-crown-chromium/test-failed-1.png]]

[[ATTACHMENT|auth-Authentication-Tests--10224--clicking-Super-Admin-crown-chromium/video.webm]]

[[ATTACHMENT|auth-Authentication-Tests--10224--clicking-Super-Admin-crown-chromium/error-context.md]]
]]>
</system-out>
</testcase>
<testcase name="Authentication Tests › should pre-fill email based on role parameter" classname="auth.spec.ts" time="6.972">
</testcase>
<testcase name="Authentication Tests › should validate form fields" classname="auth.spec.ts" time="6.488">
<failure message="auth.spec.ts:54:7 should validate form fields" type="FAILURE">
<![CDATA[  [chromium] › auth.spec.ts:54:7 › Authentication Tests › should validate form fields ──────────────

    Error: locator.click: Error: strict mode violation: getByRole('button', { name: 'Sign In' }) resolved to 2 elements:
        1) <button type="submit" class="inline-flex items-center justify-center gap-2 whitespace-nowrap rounded-md text-sm ring-offset-background transition-colors focus-visible:outline-none focus-visible:ring-2 focus-visible:ring-ring focus-visible:ring-offset-2 disabled:pointer-events-none disabled:opacity-50 [&_svg]:pointer-events-none [&_svg]:size-4 [&_svg]:shrink-0 hover:bg-primary/90 px-4 py-2 w-full h-11 bg-gradient-to-r from-blue-600 to-indigo-600 hover:from-blue-700 hover:to-indigo-700 text-white font-m…>Sign In</button> aka getByRole('button', { name: 'Sign In', exact: true })
        2) <button class="inline-flex items-center justify-center gap-2 whitespace-nowrap rounded-md text-sm font-medium ring-offset-background transition-colors focus-visible:outline-none focus-visible:ring-2 focus-visible:ring-ring focus-visible:ring-offset-2 disabled:pointer-events-none disabled:opacity-50 [&_svg]:pointer-events-none [&_svg]:size-4 [&_svg]:shrink-0 border bg-background hover:text-accent-foreground px-4 py-2 w-full h-11 border-gray-200 hover:bg-gray-50">…</button> aka getByRole('button', { name: 'Sign in with Google' })

    Call log:
      - waiting for getByRole('button', { name: 'Sign In' })


      56 |     
      57 |     // Test empty email
    > 58 |     await page.getByRole('button', { name: 'Sign In' }).click();
         |                                                         ^
      59 |     await expect(page.getByText('Please enter a valid email address.')).toBeVisible();
      60 |     
      61 |     // Test invalid email format
        at /Users/amirwihan/CascadeProjects/HeruCRM/tests/auth.spec.ts:58:57

    attachment #1: screenshot (image/png) ──────────────────────────────────────────────────────────
    ../test-results/auth-Authentication-Tests-should-validate-form-fields-chromium/test-failed-1.png
    ────────────────────────────────────────────────────────────────────────────────────────────────

    attachment #2: video (video/webm) ──────────────────────────────────────────────────────────────
    ../test-results/auth-Authentication-Tests-should-validate-form-fields-chromium/video.webm
    ────────────────────────────────────────────────────────────────────────────────────────────────

    Error Context: ../test-results/auth-Authentication-Tests-should-validate-form-fields-chromium/error-context.md
]]>
</failure>
<system-out>
<![CDATA[
[[ATTACHMENT|auth-Authentication-Tests-should-validate-form-fields-chromium/test-failed-1.png]]

[[ATTACHMENT|auth-Authentication-Tests-should-validate-form-fields-chromium/video.webm]]

[[ATTACHMENT|auth-Authentication-Tests-should-validate-form-fields-chromium/error-context.md]]
]]>
</system-out>
</testcase>
<testcase name="Authentication Tests › should toggle password visibility" classname="auth.spec.ts" time="7.753">
<failure message="auth.spec.ts:73:7 should toggle password visibility" type="FAILURE">
<![CDATA[  [chromium] › auth.spec.ts:73:7 › Authentication Tests › should toggle password visibility ────────

    Error: Timed out 5000ms waiting for expect(locator).toHaveAttribute(expected)

    Locator: getByLabel('Password')
    Expected string: "password"
    Received: <element(s) not found>
    Call log:
      - Expect "toHaveAttribute" with timeout 5000ms
      - waiting for getByLabel('Password')


      79 |     
      80 |     // Password should be hidden by default
    > 81 |     await expect(passwordInput).toHaveAttribute('type', 'password');
         |                                 ^
      82 |     
      83 |     // Find and click eye icon
      84 |     const eyeIcon = page.locator('button').filter({ has: page.locator('svg') }).first();
        at /Users/amirwihan/CascadeProjects/HeruCRM/tests/auth.spec.ts:81:33

    attachment #1: screenshot (image/png) ──────────────────────────────────────────────────────────
    ../test-results/auth-Authentication-Tests-should-toggle-password-visibility-chromium/test-failed-1.png
    ────────────────────────────────────────────────────────────────────────────────────────────────

    attachment #2: video (video/webm) ──────────────────────────────────────────────────────────────
    ../test-results/auth-Authentication-Tests-should-toggle-password-visibility-chromium/video.webm
    ────────────────────────────────────────────────────────────────────────────────────────────────

    Error Context: ../test-results/auth-Authentication-Tests-should-toggle-password-visibility-chromium/error-context.md
]]>
</failure>
<system-out>
<![CDATA[
[[ATTACHMENT|auth-Authentication-Tests-should-toggle-password-visibility-chromium/test-failed-1.png]]

[[ATTACHMENT|auth-Authentication-Tests-should-toggle-password-visibility-chromium/video.webm]]

[[ATTACHMENT|auth-Authentication-Tests-should-toggle-password-visibility-chromium/error-context.md]]
]]>
</system-out>
</testcase>
<testcase name="Authentication Tests › should successfully login as Super Admin via crown button" classname="auth.spec.ts" time="5.992">
<failure message="auth.spec.ts:93:7 should successfully login as Super Admin via crown button" type="FAILURE">
<![CDATA[  [chromium] › auth.spec.ts:93:7 › Authentication Tests › should successfully login as Super Admin via crown button 

    Error: Timed out 5000ms waiting for expect(page).toHaveURL(expected)

    Expected string: "http://localhost:9002/dashboard-select"
    Received string: "http://localhost:9002/login/"
    Call log:
      - Expect "toHaveURL" with timeout 5000ms
        2 × unexpected value "http://localhost:9002/"
        - unexpected value "http://localhost:9002/dashboard-select/"
        6 × unexpected value "http://localhost:9002/login/"


       96 |     
       97 |     // Should redirect to dashboard-select
    >  98 |     await expect(page).toHaveURL('/dashboard-select');
          |                        ^
       99 |     
      100 |     // Should show admin options
      101 |     await expect(page.getByText('Super Admin')).toBeVisible();
        at /Users/amirwihan/CascadeProjects/HeruCRM/tests/auth.spec.ts:98:24

    attachment #1: screenshot (image/png) ──────────────────────────────────────────────────────────
    ../test-results/auth-Authentication-Tests--7146d-uper-Admin-via-crown-button-chromium/test-failed-1.png
    ────────────────────────────────────────────────────────────────────────────────────────────────

    attachment #2: video (video/webm) ──────────────────────────────────────────────────────────────
    ../test-results/auth-Authentication-Tests--7146d-uper-Admin-via-crown-button-chromium/video.webm
    ────────────────────────────────────────────────────────────────────────────────────────────────

    Error Context: ../test-results/auth-Authentication-Tests--7146d-uper-Admin-via-crown-button-chromium/error-context.md
]]>
</failure>
<system-out>
<![CDATA[
[[ATTACHMENT|auth-Authentication-Tests--7146d-uper-Admin-via-crown-button-chromium/test-failed-1.png]]

[[ATTACHMENT|auth-Authentication-Tests--7146d-uper-Admin-via-crown-button-chromium/video.webm]]

[[ATTACHMENT|auth-Authentication-Tests--7146d-uper-Admin-via-crown-button-chromium/error-context.md]]
]]>
</system-out>
</testcase>
<testcase name="Authentication Tests › should successfully login as Lawyer" classname="auth.spec.ts" time="1.028">
<failure message="auth.spec.ts:104:7 should successfully login as Lawyer" type="FAILURE">
<![CDATA[  [chromium] › auth.spec.ts:104:7 › Authentication Tests › should successfully login as Lawyer ─────

    Error: locator.click: Error: strict mode violation: getByRole('button', { name: 'Sign In' }) resolved to 2 elements:
        1) <button type="submit" class="inline-flex items-center justify-center gap-2 whitespace-nowrap rounded-md text-sm ring-offset-background transition-colors focus-visible:outline-none focus-visible:ring-2 focus-visible:ring-ring focus-visible:ring-offset-2 disabled:pointer-events-none disabled:opacity-50 [&_svg]:pointer-events-none [&_svg]:size-4 [&_svg]:shrink-0 hover:bg-primary/90 px-4 py-2 w-full h-11 bg-gradient-to-r from-blue-600 to-indigo-600 hover:from-blue-700 hover:to-indigo-700 text-white font-m…>Sign In</button> aka getByRole('button', { name: 'Sign In', exact: true })
        2) <button class="inline-flex items-center justify-center gap-2 whitespace-nowrap rounded-md text-sm font-medium ring-offset-background transition-colors focus-visible:outline-none focus-visible:ring-2 focus-visible:ring-ring focus-visible:ring-offset-2 disabled:pointer-events-none disabled:opacity-50 [&_svg]:pointer-events-none [&_svg]:size-4 [&_svg]:shrink-0 border bg-background hover:text-accent-foreground px-4 py-2 w-full h-11 border-gray-200 hover:bg-gray-50">…</button> aka getByRole('button', { name: 'Sign in with Google' })

    Call log:
      - waiting for getByRole('button', { name: 'Sign In' })


      110 |     
      111 |     // Password is already filled by default
    > 112 |     await page.getByRole('button', { name: 'Sign In' }).click();
          |                                                         ^
      113 |     
      114 |     // Should redirect to lawyer dashboard
      115 |     await expect(page).toHaveURL('/lawyer/dashboard');
        at /Users/amirwihan/CascadeProjects/HeruCRM/tests/auth.spec.ts:112:57

    attachment #1: screenshot (image/png) ──────────────────────────────────────────────────────────
    ../test-results/auth-Authentication-Tests--58023-uccessfully-login-as-Lawyer-chromium/test-failed-1.png
    ────────────────────────────────────────────────────────────────────────────────────────────────

    attachment #2: video (video/webm) ──────────────────────────────────────────────────────────────
    ../test-results/auth-Authentication-Tests--58023-uccessfully-login-as-Lawyer-chromium/video.webm
    ────────────────────────────────────────────────────────────────────────────────────────────────

    Error Context: ../test-results/auth-Authentication-Tests--58023-uccessfully-login-as-Lawyer-chromium/error-context.md
]]>
</failure>
<system-out>
<![CDATA[
[[ATTACHMENT|auth-Authentication-Tests--58023-uccessfully-login-as-Lawyer-chromium/test-failed-1.png]]

[[ATTACHMENT|auth-Authentication-Tests--58023-uccessfully-login-as-Lawyer-chromium/video.webm]]

[[ATTACHMENT|auth-Authentication-Tests--58023-uccessfully-login-as-Lawyer-chromium/error-context.md]]
]]>
</system-out>
</testcase>
<testcase name="Authentication Tests › should successfully login as Client" classname="auth.spec.ts" time="1.302">
<failure message="auth.spec.ts:119:7 should successfully login as Client" type="FAILURE">
<![CDATA[  [chromium] › auth.spec.ts:119:7 › Authentication Tests › should successfully login as Client ─────

    Error: locator.click: Error: strict mode violation: getByRole('button', { name: 'Sign In' }) resolved to 2 elements:
        1) <button type="submit" class="inline-flex items-center justify-center gap-2 whitespace-nowrap rounded-md text-sm ring-offset-background transition-colors focus-visible:outline-none focus-visible:ring-2 focus-visible:ring-ring focus-visible:ring-offset-2 disabled:pointer-events-none disabled:opacity-50 [&_svg]:pointer-events-none [&_svg]:size-4 [&_svg]:shrink-0 hover:bg-primary/90 px-4 py-2 w-full h-11 bg-gradient-to-r from-blue-600 to-indigo-600 hover:from-blue-700 hover:to-indigo-700 text-white font-m…>Sign In</button> aka getByRole('button', { name: 'Sign In', exact: true })
        2) <button class="inline-flex items-center justify-center gap-2 whitespace-nowrap rounded-md text-sm font-medium ring-offset-background transition-colors focus-visible:outline-none focus-visible:ring-2 focus-visible:ring-ring focus-visible:ring-offset-2 disabled:pointer-events-none disabled:opacity-50 [&_svg]:pointer-events-none [&_svg]:size-4 [&_svg]:shrink-0 border bg-background hover:text-accent-foreground px-4 py-2 w-full h-11 border-gray-200 hover:bg-gray-50">…</button> aka getByRole('button', { name: 'Sign in with Google' })

    Call log:
      - waiting for getByRole('button', { name: 'Sign In' })


      125 |     
      126 |     // Password is already filled by default
    > 127 |     await page.getByRole('button', { name: 'Sign In' }).click();
          |                                                         ^
      128 |     
      129 |     // Should redirect to client dashboard
      130 |     await expect(page).toHaveURL('/client/dashboard');
        at /Users/amirwihan/CascadeProjects/HeruCRM/tests/auth.spec.ts:127:57

    attachment #1: screenshot (image/png) ──────────────────────────────────────────────────────────
    ../test-results/auth-Authentication-Tests--c5943-uccessfully-login-as-Client-chromium/test-failed-1.png
    ────────────────────────────────────────────────────────────────────────────────────────────────

    attachment #2: video (video/webm) ──────────────────────────────────────────────────────────────
    ../test-results/auth-Authentication-Tests--c5943-uccessfully-login-as-Client-chromium/video.webm
    ────────────────────────────────────────────────────────────────────────────────────────────────

    Error Context: ../test-results/auth-Authentication-Tests--c5943-uccessfully-login-as-Client-chromium/error-context.md
]]>
</failure>
<system-out>
<![CDATA[
[[ATTACHMENT|auth-Authentication-Tests--c5943-uccessfully-login-as-Client-chromium/test-failed-1.png]]

[[ATTACHMENT|auth-Authentication-Tests--c5943-uccessfully-login-as-Client-chromium/video.webm]]

[[ATTACHMENT|auth-Authentication-Tests--c5943-uccessfully-login-as-Client-chromium/error-context.md]]
]]>
</system-out>
</testcase>
<testcase name="Authentication Tests › should show error for invalid credentials" classname="auth.spec.ts" time="30.468">
<failure message="auth.spec.ts:134:7 should show error for invalid credentials" type="FAILURE">
<![CDATA[  [chromium] › auth.spec.ts:134:7 › Authentication Tests › should show error for invalid credentials 

    Test timeout of 30000ms exceeded.

    Error: locator.fill: Test timeout of 30000ms exceeded.
    Call log:
      - waiting for getByLabel('Password')


      140 |     
      141 |     // Change password to wrong one
    > 142 |     await page.getByLabel('Password').fill('wrongpassword');
          |                                       ^
      143 |     await page.getByRole('button', { name: 'Sign In' }).click();
      144 |     
      145 |     // Should show error message
        at /Users/amirwihan/CascadeProjects/HeruCRM/tests/auth.spec.ts:142:39

    attachment #1: screenshot (image/png) ──────────────────────────────────────────────────────────
    ../test-results/auth-Authentication-Tests--f7de9-ror-for-invalid-credentials-chromium/test-failed-1.png
    ────────────────────────────────────────────────────────────────────────────────────────────────

    attachment #2: video (video/webm) ──────────────────────────────────────────────────────────────
    ../test-results/auth-Authentication-Tests--f7de9-ror-for-invalid-credentials-chromium/video.webm
    ────────────────────────────────────────────────────────────────────────────────────────────────

    Error Context: ../test-results/auth-Authentication-Tests--f7de9-ror-for-invalid-credentials-chromium/error-context.md
]]>
</failure>
<system-out>
<![CDATA[
[[ATTACHMENT|auth-Authentication-Tests--f7de9-ror-for-invalid-credentials-chromium/test-failed-1.png]]

[[ATTACHMENT|auth-Authentication-Tests--f7de9-ror-for-invalid-credentials-chromium/video.webm]]

[[ATTACHMENT|auth-Authentication-Tests--f7de9-ror-for-invalid-credentials-chromium/error-context.md]]
]]>
</system-out>
</testcase>
<testcase name="Authentication Tests › should handle Google login button" classname="auth.spec.ts" time="1.105">
<failure message="auth.spec.ts:149:7 should handle Google login button" type="FAILURE">
<![CDATA[  [chromium] › auth.spec.ts:149:7 › Authentication Tests › should handle Google login button ───────

    Error: expect.toBeVisible: Error: strict mode violation: getByText('Feature Coming Soon') resolved to 2 elements:
        1) <div class="text-sm font-semibold">Feature Coming Soon</div> aka getByText('Feature Coming Soon', { exact: true })
        2) <span role="status" aria-atomic="true" aria-live="assertive">Notification Feature Coming SoonGoogle sign-in wi…</span> aka getByText('Notification Feature Coming')

    Call log:
      - Expect "toBeVisible" with timeout 5000ms
      - waiting for getByText('Feature Coming Soon')


      154 |     
      155 |     // Should show coming soon message
    > 156 |     await expect(page.getByText('Feature Coming Soon')).toBeVisible();
          |                                                         ^
      157 |   });
      158 |
      159 |   test('should display login page features', async ({ page }) => {
        at /Users/amirwihan/CascadeProjects/HeruCRM/tests/auth.spec.ts:156:57

    attachment #1: screenshot (image/png) ──────────────────────────────────────────────────────────
    ../test-results/auth-Authentication-Tests-should-handle-Google-login-button-chromium/test-failed-1.png
    ────────────────────────────────────────────────────────────────────────────────────────────────

    attachment #2: video (video/webm) ──────────────────────────────────────────────────────────────
    ../test-results/auth-Authentication-Tests-should-handle-Google-login-button-chromium/video.webm
    ────────────────────────────────────────────────────────────────────────────────────────────────

    Error Context: ../test-results/auth-Authentication-Tests-should-handle-Google-login-button-chromium/error-context.md
]]>
</failure>
<system-out>
<![CDATA[
[[ATTACHMENT|auth-Authentication-Tests-should-handle-Google-login-button-chromium/test-failed-1.png]]

[[ATTACHMENT|auth-Authentication-Tests-should-handle-Google-login-button-chromium/video.webm]]

[[ATTACHMENT|auth-Authentication-Tests-should-handle-Google-login-button-chromium/error-context.md]]
]]>
</system-out>
</testcase>
<testcase name="Authentication Tests › should display login page features" classname="auth.spec.ts" time="5.894">
<failure message="auth.spec.ts:159:7 should display login page features" type="FAILURE">
<![CDATA[  [chromium] › auth.spec.ts:159:7 › Authentication Tests › should display login page features ──────

    Error: Timed out 5000ms waiting for expect(locator).toBeVisible()

    Locator: getByText('AI-Powered Tools')
    Expected: visible
    Received: <element(s) not found>
    Call log:
      - Expect "toBeVisible" with timeout 5000ms
      - waiting for getByText('AI-Powered Tools')


      161 |     
      162 |     // Check for login features showcase
    > 163 |     await expect(page.getByText('AI-Powered Tools')).toBeVisible();
          |                                                      ^
      164 |     await expect(page.getByText('Document Management')).toBeVisible();
      165 |     await expect(page.getByText('Team Collaboration')).toBeVisible();
      166 |   });
        at /Users/amirwihan/CascadeProjects/HeruCRM/tests/auth.spec.ts:163:54

    attachment #1: screenshot (image/png) ──────────────────────────────────────────────────────────
    ../test-results/auth-Authentication-Tests-should-display-login-page-features-chromium/test-failed-1.png
    ────────────────────────────────────────────────────────────────────────────────────────────────

    attachment #2: video (video/webm) ──────────────────────────────────────────────────────────────
    ../test-results/auth-Authentication-Tests-should-display-login-page-features-chromium/video.webm
    ────────────────────────────────────────────────────────────────────────────────────────────────

    Error Context: ../test-results/auth-Authentication-Tests-should-display-login-page-features-chromium/error-context.md
]]>
</failure>
<system-out>
<![CDATA[
[[ATTACHMENT|auth-Authentication-Tests-should-display-login-page-features-chromium/test-failed-1.png]]

[[ATTACHMENT|auth-Authentication-Tests-should-display-login-page-features-chromium/video.webm]]

[[ATTACHMENT|auth-Authentication-Tests-should-display-login-page-features-chromium/error-context.md]]
]]>
</system-out>
</testcase>
<testcase name="Authentication Tests › should handle mobile responsiveness" classname="auth.spec.ts" time="0.558">
</testcase>
</testsuite>
</testsuites>